<?xml version="1.0" encoding="UTF-8"?>
<coverage generated="1601568459034" clover="3.2.0">
  <project timestamp="1601568459034" name="All files">
    <metrics statements="3" coveredstatements="0" conditionals="0" coveredconditionals="0" methods="0" coveredmethods="0" elements="3" coveredelements="0" complexity="0" loc="3" ncloc="3" packages="1" files="2" classes="2">
      <file name="Nav.test.js.snap" path="/Users/megangilpin/Documents/Projects/Advanced React/shopaholic/frontend/__tests__/__snapshots__/Nav.test.js.snap">
        <metrics statements="2" coveredstatements="0" conditionals="0" coveredconditionals="0" methods="0" coveredmethods="0"/>
        <line num="3" count="0" type="stmt"/>
        <line num="25" count="0" type="stmt"/>
      </file>
      <file name="Pagination.test.js.snap" path="/Users/megangilpin/Documents/Projects/Advanced React/shopaholic/frontend/__tests__/__snapshots__/Pagination.test.js.snap">
        <metrics statements="1" coveredstatements="0" conditionals="0" coveredconditionals="0" methods="0" coveredmethods="0"/>
        <line num="3" count="0" type="stmt"/>
      </file>
    </metrics>
  </project>
</coverage>
