{"/Users/megangilpin/Documents/Projects/Advanced React/shopaholic/frontend/__tests__/__snapshots__/Nav.test.js.snap": {"path":"/Users/megangilpin/Documents/Projects/Advanced React/shopaholic/frontend/__tests__/__snapshots__/Nav.test.js.snap","statementMap":{"0":{"start":{"line":3,"column":0},"end":{"line":null,"column":-1}},"1":{"start":{"line":25,"column":0},"end":{"line":null,"column":-1}}},"fnMap":{},"branchMap":{},"s":{"0":0,"1":0},"f":{},"b":{}}
,"/Users/megangilpin/Documents/Projects/Advanced React/shopaholic/frontend/__tests__/__snapshots__/Pagination.test.js.snap": {"path":"/Users/megangilpin/Documents/Projects/Advanced React/shopaholic/frontend/__tests__/__snapshots__/Pagination.test.js.snap","statementMap":{"0":{"start":{"line":3,"column":0},"end":{"line":null,"column":-1}}},"fnMap":{},"branchMap":{},"s":{"0":0},"f":{},"b":{}}
}
